Arguments: 
  /usr/local/Cellar/node/14.7.0/bin/node /usr/local/Cellar/yarn/1.22.4/libexec/bin/yarn.js add mongoose, jsonwebtoken

PATH: 
  /Library/Frameworks/Python.framework/Versions/3.8/bin:/Users/Enotion/anaconda3/bin:/usr/local/Cellar/pyenv-virtualenv/1.1.5/shims:~/.pyenv/versions/3.6/bin:/Library/Frameworks/Python.framework/Versions/3.6/bin:/Library/Frameworks/Python.framework/Versions/3.6/bin:/Library/Frameworks/Python.framework/Versions/3.5/bin:/Users/Enotion/.rvm/gems/ruby-2.3.0/bin:/Users/Enotion/.rvm/gems/ruby-2.3.0@global/bin:/Users/Enotion/.rvm/rubies/ruby-2.3.0/bin:/usr/local/bin:/usr/bin:/bin:/usr/sbin:/sbin:/Users/Enotion/.rvm/bin

Yarn version: 
  1.22.4

Node version: 
  14.7.0

Platform: 
  darwin x64

Trace: 
  Error: https://registry.yarnpkg.com/mongoose,: Not found
      at Request.params.callback [as _callback] (/usr/local/Cellar/yarn/1.22.4/libexec/lib/cli.js:66987:18)
      at Request.self.callback (/usr/local/Cellar/yarn/1.22.4/libexec/lib/cli.js:140748:22)
      at Request.emit (events.js:314:20)
      at Request.<anonymous> (/usr/local/Cellar/yarn/1.22.4/libexec/lib/cli.js:141720:10)
      at Request.emit (events.js:314:20)
      at IncomingMessage.<anonymous> (/usr/local/Cellar/yarn/1.22.4/libexec/lib/cli.js:141642:12)
      at Object.onceWrapper (events.js:420:28)
      at IncomingMessage.emit (events.js:326:22)
      at endReadableNT (_stream_readable.js:1244:12)
      at processTicksAndRejections (internal/process/task_queues.js:80:21)

npm manifest: 
  {
    "name": "mern",
    "version": "1.0.0",
    "description": "Mern Demo",
    "main": "server.js",
    "scripts": {
      "start": "if-env NODE_ENV=production && npm run start:prod || npm run start:dev",
      "start:prod": "node server.js",
      "start:dev": "concurrently \"nodemon --ignore 'client/*'\" \"npm run client\"",
      "client": "cd client && npm run start",
      "install": "cd client && npm install",
      "build": "cd client && npm run build",
      "heroku-postbuild": "npm run build"
    },
    "author": "",
    "license": "ISC",
    "devDependencies": {
      "concurrently": "^4.1.0",
      "nodemon": "^1.18.7"
    },
    "dependencies": {
      "express": "^4.16.3",
      "if-env": "^1.0.4"
    }
  }

yarn manifest: 
  No manifest

Lockfile: 
  No lockfile
